TimeQuest Timing Analyzer report for elevador
Mon Sep 09 17:43:06 2013
Quartus II Version 11.0 Build 208 07/03/2011 Service Pack 1 SJ Web Edition


---------------------
; Table of Contents ;
---------------------
  1. Legal Notice
  2. TimeQuest Timing Analyzer Summary
  3. Clocks
  4. Slow Model Fmax Summary
  5. Slow Model Setup Summary
  6. Slow Model Hold Summary
  7. Slow Model Recovery Summary
  8. Slow Model Removal Summary
  9. Slow Model Minimum Pulse Width Summary
 10. Slow Model Setup: 'clk'
 11. Slow Model Hold: 'clk'
 12. Slow Model Minimum Pulse Width: 'clk'
 13. Slow Model Minimum Pulse Width: 'pr_andar.andar0'
 14. Setup Times
 15. Hold Times
 16. Clock to Output Times
 17. Minimum Clock to Output Times
 18. Fast Model Setup Summary
 19. Fast Model Hold Summary
 20. Fast Model Recovery Summary
 21. Fast Model Removal Summary
 22. Fast Model Minimum Pulse Width Summary
 23. Fast Model Setup: 'clk'
 24. Fast Model Hold: 'clk'
 25. Fast Model Minimum Pulse Width: 'clk'
 26. Fast Model Minimum Pulse Width: 'pr_andar.andar0'
 27. Setup Times
 28. Hold Times
 29. Clock to Output Times
 30. Minimum Clock to Output Times
 31. Multicorner Timing Analysis Summary
 32. Setup Times
 33. Hold Times
 34. Clock to Output Times
 35. Minimum Clock to Output Times
 36. Setup Transfers
 37. Hold Transfers
 38. Report TCCS
 39. Report RSKM
 40. Unconstrained Paths
 41. TimeQuest Timing Analyzer Messages



----------------
; Legal Notice ;
----------------
Copyright (C) 1991-2011 Altera Corporation
Your use of Altera Corporation's design tools, logic functions 
and other software and tools, and its AMPP partner logic 
functions, and any output files from any of the foregoing 
(including device programming or simulation files), and any 
associated documentation or information are expressly subject 
to the terms and conditions of the Altera Program License 
Subscription Agreement, Altera MegaCore Function License 
Agreement, or other applicable license agreement, including, 
without limitation, that your use is for the sole purpose of 
programming logic devices manufactured by Altera and sold by 
Altera or its authorized distributors.  Please refer to the 
applicable agreement for further details.



+--------------------------------------------------------------------------------------+
; TimeQuest Timing Analyzer Summary                                                    ;
+--------------------+-----------------------------------------------------------------+
; Quartus II Version ; Version 11.0 Build 208 07/03/2011 Service Pack 1 SJ Web Edition ;
; Revision Name      ; elevador                                                        ;
; Device Family      ; Cyclone II                                                      ;
; Device Name        ; EP2C35F672C6                                                    ;
; Timing Models      ; Final                                                           ;
; Delay Model        ; Combined                                                        ;
; Rise/Fall Delays   ; Unavailable                                                     ;
+--------------------+-----------------------------------------------------------------+


+--------------------------------------------------------------------------------------------------------------------------------------------------------------------------------------------------+
; Clocks                                                                                                                                                                                           ;
+-----------------+------+--------+------------+-------+-------+------------+-----------+-------------+-------+--------+-----------+------------+----------+--------+--------+---------------------+
; Clock Name      ; Type ; Period ; Frequency  ; Rise  ; Fall  ; Duty Cycle ; Divide by ; Multiply by ; Phase ; Offset ; Edge List ; Edge Shift ; Inverted ; Master ; Source ; Targets             ;
+-----------------+------+--------+------------+-------+-------+------------+-----------+-------------+-------+--------+-----------+------------+----------+--------+--------+---------------------+
; clk             ; Base ; 1.000  ; 1000.0 MHz ; 0.000 ; 0.500 ;            ;           ;             ;       ;        ;           ;            ;          ;        ;        ; { clk }             ;
; pr_andar.andar0 ; Base ; 1.000  ; 1000.0 MHz ; 0.000 ; 0.500 ;            ;           ;             ;       ;        ;           ;            ;          ;        ;        ; { pr_andar.andar0 } ;
+-----------------+------+--------+------------+-------+-------+------------+-----------+-------------+-------+--------+-----------+------------+----------+--------+--------+---------------------+


+--------------------------------------------------+
; Slow Model Fmax Summary                          ;
+------------+-----------------+------------+------+
; Fmax       ; Restricted Fmax ; Clock Name ; Note ;
+------------+-----------------+------------+------+
; 347.22 MHz ; 347.22 MHz      ; clk        ;      ;
+------------+-----------------+------------+------+
This panel reports FMAX for every clock in the design, regardless of the user-specified clock periods.  FMAX is only computed for paths where the source and destination registers or ports are driven by the same clock.  Paths of different clocks, including generated clocks, are ignored.  For paths between a clock and its inversion, FMAX is computed as if the rising and falling edges are scaled along with FMAX, such that the duty cycle (in terms of a percentage) is maintained. Altera recommends that you always use clock constraints and other slack reports for sign-off analysis.


+--------------------------------+
; Slow Model Setup Summary       ;
+-------+--------+---------------+
; Clock ; Slack  ; End Point TNS ;
+-------+--------+---------------+
; clk   ; -1.880 ; -11.914       ;
+-------+--------+---------------+


+--------------------------------+
; Slow Model Hold Summary        ;
+-------+--------+---------------+
; Clock ; Slack  ; End Point TNS ;
+-------+--------+---------------+
; clk   ; -1.307 ; -7.844        ;
+-------+--------+---------------+


-------------------------------
; Slow Model Recovery Summary ;
-------------------------------
No paths to report.


------------------------------
; Slow Model Removal Summary ;
------------------------------
No paths to report.


+------------------------------------------+
; Slow Model Minimum Pulse Width Summary   ;
+-----------------+--------+---------------+
; Clock           ; Slack  ; End Point TNS ;
+-----------------+--------+---------------+
; clk             ; -1.380 ; -8.380        ;
; pr_andar.andar0 ; 0.500  ; 0.000         ;
+-----------------+--------+---------------+


+---------------------------------------------------------------------------------------------------------------------+
; Slow Model Setup: 'clk'                                                                                             ;
+--------+-----------------+-----------------+-----------------+-------------+--------------+------------+------------+
; Slack  ; From Node       ; To Node         ; Launch Clock    ; Latch Clock ; Relationship ; Clock Skew ; Data Delay ;
+--------+-----------------+-----------------+-----------------+-------------+--------------+------------+------------+
; -1.880 ; pr_andar.andar1 ; pr_andar.andar0 ; clk             ; clk         ; 1.000        ; 0.001      ; 2.917      ;
; -1.773 ; pr_andar.andar1 ; pr_andar.andar4 ; clk             ; clk         ; 1.000        ; 0.001      ; 2.810      ;
; -1.772 ; pr_andar.andar4 ; pr_andar.andar2 ; clk             ; clk         ; 1.000        ; -0.001     ; 2.807      ;
; -1.769 ; pr_andar.andar1 ; pr_andar.andar5 ; clk             ; clk         ; 1.000        ; 0.001      ; 2.806      ;
; -1.756 ; pr_andar.andar4 ; pr_andar.andar6 ; clk             ; clk         ; 1.000        ; -0.001     ; 2.791      ;
; -1.727 ; pr_andar.andar2 ; pr_andar.andar5 ; clk             ; clk         ; 1.000        ; 0.001      ; 2.764      ;
; -1.726 ; pr_andar.andar3 ; pr_andar.andar0 ; clk             ; clk         ; 1.000        ; 0.000      ; 2.762      ;
; -1.643 ; pr_andar.andar2 ; pr_andar.andar4 ; clk             ; clk         ; 1.000        ; 0.001      ; 2.680      ;
; -1.636 ; pr_andar.andar5 ; pr_andar.andar6 ; clk             ; clk         ; 1.000        ; -0.001     ; 2.671      ;
; -1.618 ; pr_andar.andar5 ; pr_andar.andar4 ; clk             ; clk         ; 1.000        ; 0.000      ; 2.654      ;
; -1.606 ; pr_andar.andar5 ; pr_andar.andar0 ; clk             ; clk         ; 1.000        ; 0.000      ; 2.642      ;
; -1.604 ; pr_andar.andar6 ; pr_andar.andar4 ; clk             ; clk         ; 1.000        ; 0.001      ; 2.641      ;
; -1.604 ; pr_andar.andar4 ; pr_andar.andar5 ; clk             ; clk         ; 1.000        ; 0.000      ; 2.640      ;
; -1.588 ; pr_andar.andar6 ; pr_andar.andar0 ; clk             ; clk         ; 1.000        ; 0.001      ; 2.625      ;
; -1.577 ; pr_andar.andar3 ; pr_andar.andar2 ; clk             ; clk         ; 1.000        ; -0.001     ; 2.612      ;
; -1.556 ; pr_andar.andar6 ; pr_andar.andar5 ; clk             ; clk         ; 1.000        ; 0.001      ; 2.593      ;
; -1.546 ; pr_andar.andar3 ; pr_andar.andar5 ; clk             ; clk         ; 1.000        ; 0.000      ; 2.582      ;
; -1.545 ; pr_andar.andar4 ; pr_andar.andar1 ; clk             ; clk         ; 1.000        ; -0.001     ; 2.580      ;
; -1.530 ; pr_andar.andar2 ; pr_andar.andar0 ; clk             ; clk         ; 1.000        ; 0.001      ; 2.567      ;
; -1.526 ; pr_andar.andar5 ; pr_andar.andar2 ; clk             ; clk         ; 1.000        ; -0.001     ; 2.561      ;
; -1.523 ; pr_andar.andar1 ; pr_andar.andar6 ; clk             ; clk         ; 1.000        ; 0.000      ; 2.559      ;
; -1.502 ; pr_andar.andar6 ; pr_andar.andar6 ; clk             ; clk         ; 1.000        ; 0.000      ; 2.538      ;
; -1.486 ; pr_andar.andar6 ; pr_andar.andar2 ; clk             ; clk         ; 1.000        ; 0.000      ; 2.522      ;
; -1.467 ; pr_andar.andar3 ; pr_andar.andar4 ; clk             ; clk         ; 1.000        ; 0.000      ; 2.503      ;
; -1.431 ; pr_andar.andar5 ; pr_andar.andar5 ; clk             ; clk         ; 1.000        ; 0.000      ; 2.467      ;
; -1.419 ; pr_andar.andar1 ; pr_andar.andar3 ; clk             ; clk         ; 1.000        ; 0.001      ; 2.456      ;
; -1.404 ; pr_andar.andar5 ; pr_andar.andar1 ; clk             ; clk         ; 1.000        ; -0.001     ; 2.439      ;
; -1.362 ; pr_andar.andar5 ; pr_andar.andar3 ; clk             ; clk         ; 1.000        ; 0.000      ; 2.398      ;
; -1.350 ; pr_andar.andar2 ; pr_andar.andar3 ; clk             ; clk         ; 1.000        ; 0.001      ; 2.387      ;
; -1.337 ; pr_andar.andar6 ; pr_andar.andar1 ; clk             ; clk         ; 1.000        ; 0.000      ; 2.373      ;
; -1.337 ; pr_andar.andar4 ; pr_andar.andar3 ; clk             ; clk         ; 1.000        ; 0.000      ; 2.373      ;
; -1.326 ; pr_andar.andar2 ; pr_andar.andar6 ; clk             ; clk         ; 1.000        ; 0.000      ; 2.362      ;
; -1.315 ; pr_andar.andar1 ; pr_andar.andar2 ; clk             ; clk         ; 1.000        ; 0.000      ; 2.351      ;
; -1.314 ; pr_andar.andar6 ; pr_andar.andar3 ; clk             ; clk         ; 1.000        ; 0.001      ; 2.351      ;
; -1.306 ; pr_andar.andar3 ; pr_andar.andar1 ; clk             ; clk         ; 1.000        ; -0.001     ; 2.341      ;
; -1.258 ; pr_andar.andar3 ; pr_andar.andar6 ; clk             ; clk         ; 1.000        ; -0.001     ; 2.293      ;
; -1.254 ; pr_andar.andar4 ; pr_andar.andar0 ; clk             ; clk         ; 1.000        ; 0.000      ; 2.290      ;
; -1.219 ; pr_andar.andar3 ; pr_andar.andar3 ; clk             ; clk         ; 1.000        ; 0.000      ; 2.255      ;
; -1.195 ; pr_andar.andar4 ; pr_andar.andar4 ; clk             ; clk         ; 1.000        ; 0.000      ; 2.231      ;
; -1.185 ; pr_andar.andar2 ; pr_andar.andar2 ; clk             ; clk         ; 1.000        ; 0.000      ; 2.221      ;
; -1.158 ; pr_andar.andar1 ; pr_andar.andar1 ; clk             ; clk         ; 1.000        ; 0.000      ; 2.194      ;
; -0.879 ; pr_andar.andar2 ; pr_andar.andar1 ; clk             ; clk         ; 1.000        ; 0.000      ; 1.915      ;
; 0.600  ; pr_andar.andar0 ; pr_andar.andar2 ; pr_andar.andar0 ; clk         ; 0.500        ; 2.683      ; 2.869      ;
; 0.927  ; pr_andar.andar0 ; pr_andar.andar1 ; pr_andar.andar0 ; clk         ; 0.500        ; 2.683      ; 2.542      ;
; 1.064  ; pr_andar.andar0 ; pr_andar.andar6 ; pr_andar.andar0 ; clk         ; 0.500        ; 2.683      ; 2.405      ;
; 1.100  ; pr_andar.andar0 ; pr_andar.andar2 ; pr_andar.andar0 ; clk         ; 1.000        ; 2.683      ; 2.869      ;
; 1.108  ; pr_andar.andar0 ; pr_andar.andar5 ; pr_andar.andar0 ; clk         ; 0.500        ; 2.684      ; 2.362      ;
; 1.189  ; pr_andar.andar0 ; pr_andar.andar3 ; pr_andar.andar0 ; clk         ; 0.500        ; 2.684      ; 2.281      ;
; 1.303  ; pr_andar.andar0 ; pr_andar.andar4 ; pr_andar.andar0 ; clk         ; 0.500        ; 2.684      ; 2.167      ;
; 1.427  ; pr_andar.andar0 ; pr_andar.andar1 ; pr_andar.andar0 ; clk         ; 1.000        ; 2.683      ; 2.542      ;
; 1.445  ; pr_andar.andar0 ; pr_andar.andar0 ; pr_andar.andar0 ; clk         ; 0.500        ; 2.684      ; 2.025      ;
; 1.564  ; pr_andar.andar0 ; pr_andar.andar6 ; pr_andar.andar0 ; clk         ; 1.000        ; 2.683      ; 2.405      ;
; 1.608  ; pr_andar.andar0 ; pr_andar.andar5 ; pr_andar.andar0 ; clk         ; 1.000        ; 2.684      ; 2.362      ;
; 1.689  ; pr_andar.andar0 ; pr_andar.andar3 ; pr_andar.andar0 ; clk         ; 1.000        ; 2.684      ; 2.281      ;
; 1.803  ; pr_andar.andar0 ; pr_andar.andar4 ; pr_andar.andar0 ; clk         ; 1.000        ; 2.684      ; 2.167      ;
; 1.945  ; pr_andar.andar0 ; pr_andar.andar0 ; pr_andar.andar0 ; clk         ; 1.000        ; 2.684      ; 2.025      ;
+--------+-----------------+-----------------+-----------------+-------------+--------------+------------+------------+


+---------------------------------------------------------------------------------------------------------------------+
; Slow Model Hold: 'clk'                                                                                              ;
+--------+-----------------+-----------------+-----------------+-------------+--------------+------------+------------+
; Slack  ; From Node       ; To Node         ; Launch Clock    ; Latch Clock ; Relationship ; Clock Skew ; Data Delay ;
+--------+-----------------+-----------------+-----------------+-------------+--------------+------------+------------+
; -1.307 ; pr_andar.andar0 ; pr_andar.andar2 ; pr_andar.andar0 ; clk         ; 0.000        ; 2.683      ; 1.892      ;
; -1.175 ; pr_andar.andar0 ; pr_andar.andar0 ; pr_andar.andar0 ; clk         ; 0.000        ; 2.684      ; 2.025      ;
; -1.110 ; pr_andar.andar0 ; pr_andar.andar5 ; pr_andar.andar0 ; clk         ; 0.000        ; 2.684      ; 2.090      ;
; -1.087 ; pr_andar.andar0 ; pr_andar.andar4 ; pr_andar.andar0 ; clk         ; 0.000        ; 2.684      ; 2.113      ;
; -1.083 ; pr_andar.andar0 ; pr_andar.andar6 ; pr_andar.andar0 ; clk         ; 0.000        ; 2.683      ; 2.116      ;
; -1.067 ; pr_andar.andar0 ; pr_andar.andar3 ; pr_andar.andar0 ; clk         ; 0.000        ; 2.684      ; 2.133      ;
; -1.015 ; pr_andar.andar0 ; pr_andar.andar1 ; pr_andar.andar0 ; clk         ; 0.000        ; 2.683      ; 2.184      ;
; -0.807 ; pr_andar.andar0 ; pr_andar.andar2 ; pr_andar.andar0 ; clk         ; -0.500       ; 2.683      ; 1.892      ;
; -0.675 ; pr_andar.andar0 ; pr_andar.andar0 ; pr_andar.andar0 ; clk         ; -0.500       ; 2.684      ; 2.025      ;
; -0.610 ; pr_andar.andar0 ; pr_andar.andar5 ; pr_andar.andar0 ; clk         ; -0.500       ; 2.684      ; 2.090      ;
; -0.587 ; pr_andar.andar0 ; pr_andar.andar4 ; pr_andar.andar0 ; clk         ; -0.500       ; 2.684      ; 2.113      ;
; -0.583 ; pr_andar.andar0 ; pr_andar.andar6 ; pr_andar.andar0 ; clk         ; -0.500       ; 2.683      ; 2.116      ;
; -0.567 ; pr_andar.andar0 ; pr_andar.andar3 ; pr_andar.andar0 ; clk         ; -0.500       ; 2.684      ; 2.133      ;
; -0.515 ; pr_andar.andar0 ; pr_andar.andar1 ; pr_andar.andar0 ; clk         ; -0.500       ; 2.683      ; 2.184      ;
; 1.534  ; pr_andar.andar2 ; pr_andar.andar0 ; clk             ; clk         ; 0.000        ; 0.001      ; 1.801      ;
; 1.631  ; pr_andar.andar2 ; pr_andar.andar1 ; clk             ; clk         ; 0.000        ; 0.000      ; 1.897      ;
; 1.654  ; pr_andar.andar2 ; pr_andar.andar6 ; clk             ; clk         ; 0.000        ; 0.000      ; 1.920      ;
; 1.664  ; pr_andar.andar1 ; pr_andar.andar0 ; clk             ; clk         ; 0.000        ; 0.001      ; 1.931      ;
; 1.763  ; pr_andar.andar4 ; pr_andar.andar5 ; clk             ; clk         ; 0.000        ; 0.000      ; 2.029      ;
; 1.784  ; pr_andar.andar1 ; pr_andar.andar6 ; clk             ; clk         ; 0.000        ; 0.000      ; 2.050      ;
; 1.800  ; pr_andar.andar1 ; pr_andar.andar2 ; clk             ; clk         ; 0.000        ; 0.000      ; 2.066      ;
; 1.806  ; pr_andar.andar4 ; pr_andar.andar3 ; clk             ; clk         ; 0.000        ; 0.000      ; 2.072      ;
; 1.851  ; pr_andar.andar4 ; pr_andar.andar0 ; clk             ; clk         ; 0.000        ; 0.000      ; 2.117      ;
; 1.901  ; pr_andar.andar6 ; pr_andar.andar1 ; clk             ; clk         ; 0.000        ; 0.000      ; 2.167      ;
; 1.902  ; pr_andar.andar5 ; pr_andar.andar1 ; clk             ; clk         ; 0.000        ; -0.001     ; 2.167      ;
; 1.908  ; pr_andar.andar5 ; pr_andar.andar6 ; clk             ; clk         ; 0.000        ; -0.001     ; 2.173      ;
; 1.928  ; pr_andar.andar1 ; pr_andar.andar1 ; clk             ; clk         ; 0.000        ; 0.000      ; 2.194      ;
; 1.945  ; pr_andar.andar4 ; pr_andar.andar2 ; clk             ; clk         ; 0.000        ; -0.001     ; 2.210      ;
; 1.955  ; pr_andar.andar2 ; pr_andar.andar2 ; clk             ; clk         ; 0.000        ; 0.000      ; 2.221      ;
; 1.965  ; pr_andar.andar4 ; pr_andar.andar4 ; clk             ; clk         ; 0.000        ; 0.000      ; 2.231      ;
; 1.968  ; pr_andar.andar5 ; pr_andar.andar3 ; clk             ; clk         ; 0.000        ; 0.000      ; 2.234      ;
; 1.976  ; pr_andar.andar6 ; pr_andar.andar3 ; clk             ; clk         ; 0.000        ; 0.001      ; 2.243      ;
; 1.989  ; pr_andar.andar3 ; pr_andar.andar3 ; clk             ; clk         ; 0.000        ; 0.000      ; 2.255      ;
; 1.992  ; pr_andar.andar3 ; pr_andar.andar0 ; clk             ; clk         ; 0.000        ; 0.000      ; 2.258      ;
; 2.014  ; pr_andar.andar3 ; pr_andar.andar6 ; clk             ; clk         ; 0.000        ; -0.001     ; 2.279      ;
; 2.015  ; pr_andar.andar3 ; pr_andar.andar4 ; clk             ; clk         ; 0.000        ; 0.000      ; 2.281      ;
; 2.022  ; pr_andar.andar3 ; pr_andar.andar1 ; clk             ; clk         ; 0.000        ; -0.001     ; 2.287      ;
; 2.054  ; pr_andar.andar1 ; pr_andar.andar4 ; clk             ; clk         ; 0.000        ; 0.001      ; 2.321      ;
; 2.059  ; pr_andar.andar2 ; pr_andar.andar3 ; clk             ; clk         ; 0.000        ; 0.001      ; 2.326      ;
; 2.097  ; pr_andar.andar3 ; pr_andar.andar2 ; clk             ; clk         ; 0.000        ; -0.001     ; 2.362      ;
; 2.108  ; pr_andar.andar2 ; pr_andar.andar5 ; clk             ; clk         ; 0.000        ; 0.001      ; 2.375      ;
; 2.117  ; pr_andar.andar5 ; pr_andar.andar4 ; clk             ; clk         ; 0.000        ; 0.000      ; 2.383      ;
; 2.128  ; pr_andar.andar4 ; pr_andar.andar6 ; clk             ; clk         ; 0.000        ; -0.001     ; 2.393      ;
; 2.143  ; pr_andar.andar1 ; pr_andar.andar3 ; clk             ; clk         ; 0.000        ; 0.001      ; 2.410      ;
; 2.168  ; pr_andar.andar5 ; pr_andar.andar0 ; clk             ; clk         ; 0.000        ; 0.000      ; 2.434      ;
; 2.201  ; pr_andar.andar5 ; pr_andar.andar5 ; clk             ; clk         ; 0.000        ; 0.000      ; 2.467      ;
; 2.215  ; pr_andar.andar4 ; pr_andar.andar1 ; clk             ; clk         ; 0.000        ; -0.001     ; 2.480      ;
; 2.219  ; pr_andar.andar6 ; pr_andar.andar5 ; clk             ; clk         ; 0.000        ; 0.001      ; 2.486      ;
; 2.223  ; pr_andar.andar6 ; pr_andar.andar2 ; clk             ; clk         ; 0.000        ; 0.000      ; 2.489      ;
; 2.227  ; pr_andar.andar5 ; pr_andar.andar2 ; clk             ; clk         ; 0.000        ; -0.001     ; 2.492      ;
; 2.238  ; pr_andar.andar1 ; pr_andar.andar5 ; clk             ; clk         ; 0.000        ; 0.001      ; 2.505      ;
; 2.272  ; pr_andar.andar6 ; pr_andar.andar6 ; clk             ; clk         ; 0.000        ; 0.000      ; 2.538      ;
; 2.290  ; pr_andar.andar2 ; pr_andar.andar4 ; clk             ; clk         ; 0.000        ; 0.001      ; 2.557      ;
; 2.296  ; pr_andar.andar3 ; pr_andar.andar5 ; clk             ; clk         ; 0.000        ; 0.000      ; 2.562      ;
; 2.301  ; pr_andar.andar6 ; pr_andar.andar0 ; clk             ; clk         ; 0.000        ; 0.001      ; 2.568      ;
; 2.348  ; pr_andar.andar6 ; pr_andar.andar4 ; clk             ; clk         ; 0.000        ; 0.001      ; 2.615      ;
+--------+-----------------+-----------------+-----------------+-------------+--------------+------------+------------+


+-------------------------------------------------------------------------------------------------------+
; Slow Model Minimum Pulse Width: 'clk'                                                                 ;
+--------+--------------+----------------+------------------+-------+------------+----------------------+
; Slack  ; Actual Width ; Required Width ; Type             ; Clock ; Clock Edge ; Target               ;
+--------+--------------+----------------+------------------+-------+------------+----------------------+
; -1.380 ; 1.000        ; 2.380          ; Port Rate        ; clk   ; Rise       ; clk                  ;
; -0.500 ; 0.500        ; 1.000          ; High Pulse Width ; clk   ; Rise       ; pr_andar.andar0      ;
; -0.500 ; 0.500        ; 1.000          ; Low Pulse Width  ; clk   ; Rise       ; pr_andar.andar0      ;
; -0.500 ; 0.500        ; 1.000          ; High Pulse Width ; clk   ; Rise       ; pr_andar.andar1      ;
; -0.500 ; 0.500        ; 1.000          ; Low Pulse Width  ; clk   ; Rise       ; pr_andar.andar1      ;
; -0.500 ; 0.500        ; 1.000          ; High Pulse Width ; clk   ; Rise       ; pr_andar.andar2      ;
; -0.500 ; 0.500        ; 1.000          ; Low Pulse Width  ; clk   ; Rise       ; pr_andar.andar2      ;
; -0.500 ; 0.500        ; 1.000          ; High Pulse Width ; clk   ; Rise       ; pr_andar.andar3      ;
; -0.500 ; 0.500        ; 1.000          ; Low Pulse Width  ; clk   ; Rise       ; pr_andar.andar3      ;
; -0.500 ; 0.500        ; 1.000          ; High Pulse Width ; clk   ; Rise       ; pr_andar.andar4      ;
; -0.500 ; 0.500        ; 1.000          ; Low Pulse Width  ; clk   ; Rise       ; pr_andar.andar4      ;
; -0.500 ; 0.500        ; 1.000          ; High Pulse Width ; clk   ; Rise       ; pr_andar.andar5      ;
; -0.500 ; 0.500        ; 1.000          ; Low Pulse Width  ; clk   ; Rise       ; pr_andar.andar5      ;
; -0.500 ; 0.500        ; 1.000          ; High Pulse Width ; clk   ; Rise       ; pr_andar.andar6      ;
; -0.500 ; 0.500        ; 1.000          ; Low Pulse Width  ; clk   ; Rise       ; pr_andar.andar6      ;
; 0.500  ; 0.500        ; 0.000          ; High Pulse Width ; clk   ; Rise       ; clk|combout          ;
; 0.500  ; 0.500        ; 0.000          ; Low Pulse Width  ; clk   ; Rise       ; clk|combout          ;
; 0.500  ; 0.500        ; 0.000          ; High Pulse Width ; clk   ; Rise       ; clk~clkctrl|inclk[0] ;
; 0.500  ; 0.500        ; 0.000          ; Low Pulse Width  ; clk   ; Rise       ; clk~clkctrl|inclk[0] ;
; 0.500  ; 0.500        ; 0.000          ; High Pulse Width ; clk   ; Rise       ; clk~clkctrl|outclk   ;
; 0.500  ; 0.500        ; 0.000          ; Low Pulse Width  ; clk   ; Rise       ; clk~clkctrl|outclk   ;
; 0.500  ; 0.500        ; 0.000          ; High Pulse Width ; clk   ; Rise       ; pr_andar.andar0|clk  ;
; 0.500  ; 0.500        ; 0.000          ; Low Pulse Width  ; clk   ; Rise       ; pr_andar.andar0|clk  ;
; 0.500  ; 0.500        ; 0.000          ; High Pulse Width ; clk   ; Rise       ; pr_andar.andar1|clk  ;
; 0.500  ; 0.500        ; 0.000          ; Low Pulse Width  ; clk   ; Rise       ; pr_andar.andar1|clk  ;
; 0.500  ; 0.500        ; 0.000          ; High Pulse Width ; clk   ; Rise       ; pr_andar.andar2|clk  ;
; 0.500  ; 0.500        ; 0.000          ; Low Pulse Width  ; clk   ; Rise       ; pr_andar.andar2|clk  ;
; 0.500  ; 0.500        ; 0.000          ; High Pulse Width ; clk   ; Rise       ; pr_andar.andar3|clk  ;
; 0.500  ; 0.500        ; 0.000          ; Low Pulse Width  ; clk   ; Rise       ; pr_andar.andar3|clk  ;
; 0.500  ; 0.500        ; 0.000          ; High Pulse Width ; clk   ; Rise       ; pr_andar.andar4|clk  ;
; 0.500  ; 0.500        ; 0.000          ; Low Pulse Width  ; clk   ; Rise       ; pr_andar.andar4|clk  ;
; 0.500  ; 0.500        ; 0.000          ; High Pulse Width ; clk   ; Rise       ; pr_andar.andar5|clk  ;
; 0.500  ; 0.500        ; 0.000          ; Low Pulse Width  ; clk   ; Rise       ; pr_andar.andar5|clk  ;
; 0.500  ; 0.500        ; 0.000          ; High Pulse Width ; clk   ; Rise       ; pr_andar.andar6|clk  ;
; 0.500  ; 0.500        ; 0.000          ; Low Pulse Width  ; clk   ; Rise       ; pr_andar.andar6|clk  ;
+--------+--------------+----------------+------------------+-------+------------+----------------------+


+----------------------------------------------------------------------------------------------------------------------------+
; Slow Model Minimum Pulse Width: 'pr_andar.andar0'                                                                          ;
+-------+--------------+----------------+------------------+-----------------+------------+----------------------------------+
; Slack ; Actual Width ; Required Width ; Type             ; Clock           ; Clock Edge ; Target                           ;
+-------+--------------+----------------+------------------+-----------------+------------+----------------------------------+
; 0.500 ; 0.500        ; 0.000          ; High Pulse Width ; pr_andar.andar0 ; Rise       ; pr_andar.andar0|regout           ;
; 0.500 ; 0.500        ; 0.000          ; Low Pulse Width  ; pr_andar.andar0 ; Rise       ; pr_andar.andar0|regout           ;
; 0.500 ; 0.500        ; 0.000          ; High Pulse Width ; pr_andar.andar0 ; Rise       ; pr_andar.andar0~clkctrl|inclk[0] ;
; 0.500 ; 0.500        ; 0.000          ; Low Pulse Width  ; pr_andar.andar0 ; Rise       ; pr_andar.andar0~clkctrl|inclk[0] ;
; 0.500 ; 0.500        ; 0.000          ; High Pulse Width ; pr_andar.andar0 ; Rise       ; pr_andar.andar0~clkctrl|outclk   ;
; 0.500 ; 0.500        ; 0.000          ; Low Pulse Width  ; pr_andar.andar0 ; Rise       ; pr_andar.andar0~clkctrl|outclk   ;
; 0.500 ; 0.500        ; 0.000          ; High Pulse Width ; pr_andar.andar0 ; Rise       ; y[0]$latch                       ;
; 0.500 ; 0.500        ; 0.000          ; Low Pulse Width  ; pr_andar.andar0 ; Rise       ; y[0]$latch                       ;
; 0.500 ; 0.500        ; 0.000          ; High Pulse Width ; pr_andar.andar0 ; Rise       ; y[0]$latch|datad                 ;
; 0.500 ; 0.500        ; 0.000          ; Low Pulse Width  ; pr_andar.andar0 ; Rise       ; y[0]$latch|datad                 ;
; 0.500 ; 0.500        ; 0.000          ; High Pulse Width ; pr_andar.andar0 ; Rise       ; y[1]$latch                       ;
; 0.500 ; 0.500        ; 0.000          ; Low Pulse Width  ; pr_andar.andar0 ; Rise       ; y[1]$latch                       ;
; 0.500 ; 0.500        ; 0.000          ; High Pulse Width ; pr_andar.andar0 ; Rise       ; y[1]$latch|datac                 ;
; 0.500 ; 0.500        ; 0.000          ; Low Pulse Width  ; pr_andar.andar0 ; Rise       ; y[1]$latch|datac                 ;
+-------+--------------+----------------+------------------+-----------------+------------+----------------------------------+


+---------------------------------------------------------------------------------+
; Setup Times                                                                     ;
+----------------+-----------------+-------+-------+------------+-----------------+
; Data Port      ; Clock Port      ; Rise  ; Fall  ; Clock Edge ; Clock Reference ;
+----------------+-----------------+-------+-------+------------+-----------------+
; call.andar0    ; clk             ; 6.007 ; 6.007 ; Rise       ; clk             ;
; call.andar1    ; clk             ; 5.623 ; 5.623 ; Rise       ; clk             ;
; call.andar2    ; clk             ; 5.176 ; 5.176 ; Rise       ; clk             ;
; call.andar3    ; clk             ; 4.981 ; 4.981 ; Rise       ; clk             ;
; call.andar4    ; clk             ; 5.506 ; 5.506 ; Rise       ; clk             ;
; call.andar5    ; clk             ; 5.599 ; 5.599 ; Rise       ; clk             ;
; call.andar6    ; clk             ; 5.064 ; 5.064 ; Rise       ; clk             ;
; n_andar.andar0 ; clk             ; 3.115 ; 3.115 ; Rise       ; clk             ;
; n_andar.andar1 ; clk             ; 5.488 ; 5.488 ; Rise       ; clk             ;
; n_andar.andar2 ; clk             ; 5.793 ; 5.793 ; Rise       ; clk             ;
; n_andar.andar3 ; clk             ; 5.114 ; 5.114 ; Rise       ; clk             ;
; n_andar.andar4 ; clk             ; 5.354 ; 5.354 ; Rise       ; clk             ;
; n_andar.andar5 ; clk             ; 1.906 ; 1.906 ; Rise       ; clk             ;
; n_andar.andar6 ; clk             ; 5.304 ; 5.304 ; Rise       ; clk             ;
; call.andar0    ; pr_andar.andar0 ; 4.138 ; 4.138 ; Rise       ; pr_andar.andar0 ;
; n_andar.andar0 ; pr_andar.andar0 ; 1.246 ; 1.246 ; Rise       ; pr_andar.andar0 ;
+----------------+-----------------+-------+-------+------------+-----------------+


+-----------------------------------------------------------------------------------+
; Hold Times                                                                        ;
+----------------+-----------------+--------+--------+------------+-----------------+
; Data Port      ; Clock Port      ; Rise   ; Fall   ; Clock Edge ; Clock Reference ;
+----------------+-----------------+--------+--------+------------+-----------------+
; call.andar0    ; clk             ; -4.056 ; -4.056 ; Rise       ; clk             ;
; call.andar1    ; clk             ; -4.000 ; -4.000 ; Rise       ; clk             ;
; call.andar2    ; clk             ; -3.395 ; -3.395 ; Rise       ; clk             ;
; call.andar3    ; clk             ; -4.162 ; -4.162 ; Rise       ; clk             ;
; call.andar4    ; clk             ; -3.848 ; -3.848 ; Rise       ; clk             ;
; call.andar5    ; clk             ; -4.314 ; -4.314 ; Rise       ; clk             ;
; call.andar6    ; clk             ; -3.924 ; -3.924 ; Rise       ; clk             ;
; n_andar.andar0 ; clk             ; -0.098 ; -0.098 ; Rise       ; clk             ;
; n_andar.andar1 ; clk             ; -3.291 ; -3.291 ; Rise       ; clk             ;
; n_andar.andar2 ; clk             ; -3.707 ; -3.707 ; Rise       ; clk             ;
; n_andar.andar3 ; clk             ; -3.521 ; -3.521 ; Rise       ; clk             ;
; n_andar.andar4 ; clk             ; -3.273 ; -3.273 ; Rise       ; clk             ;
; n_andar.andar5 ; clk             ; 0.036  ; 0.036  ; Rise       ; clk             ;
; n_andar.andar6 ; clk             ; -3.687 ; -3.687 ; Rise       ; clk             ;
; call.andar0    ; pr_andar.andar0 ; -3.320 ; -3.320 ; Rise       ; pr_andar.andar0 ;
; n_andar.andar0 ; pr_andar.andar0 ; 0.232  ; 0.232  ; Rise       ; pr_andar.andar0 ;
+----------------+-----------------+--------+--------+------------+-----------------+


+-------------------------------------------------------------------------------------+
; Clock to Output Times                                                               ;
+--------------------+-----------------+-------+-------+------------+-----------------+
; Data Port          ; Clock Port      ; Rise  ; Fall  ; Clock Edge ; Clock Reference ;
+--------------------+-----------------+-------+-------+------------+-----------------+
; andar_atual.andar1 ; clk             ; 6.390 ; 6.390 ; Rise       ; clk             ;
; andar_atual.andar2 ; clk             ; 6.622 ; 6.622 ; Rise       ; clk             ;
; andar_atual.andar3 ; clk             ; 6.383 ; 6.383 ; Rise       ; clk             ;
; andar_atual.andar4 ; clk             ; 6.592 ; 6.592 ; Rise       ; clk             ;
; andar_atual.andar5 ; clk             ; 6.385 ; 6.385 ; Rise       ; clk             ;
; andar_atual.andar6 ; clk             ; 6.919 ; 6.919 ; Rise       ; clk             ;
; andar_atual.andar0 ; pr_andar.andar0 ;       ; 4.144 ; Rise       ; pr_andar.andar0 ;
; y[*]               ; pr_andar.andar0 ; 6.498 ; 6.498 ; Rise       ; pr_andar.andar0 ;
;  y[0]              ; pr_andar.andar0 ; 6.361 ; 6.361 ; Rise       ; pr_andar.andar0 ;
;  y[1]              ; pr_andar.andar0 ; 6.498 ; 6.498 ; Rise       ; pr_andar.andar0 ;
; andar_atual.andar0 ; pr_andar.andar0 ; 4.144 ;       ; Fall       ; pr_andar.andar0 ;
+--------------------+-----------------+-------+-------+------------+-----------------+


+-------------------------------------------------------------------------------------+
; Minimum Clock to Output Times                                                       ;
+--------------------+-----------------+-------+-------+------------+-----------------+
; Data Port          ; Clock Port      ; Rise  ; Fall  ; Clock Edge ; Clock Reference ;
+--------------------+-----------------+-------+-------+------------+-----------------+
; andar_atual.andar1 ; clk             ; 6.390 ; 6.390 ; Rise       ; clk             ;
; andar_atual.andar2 ; clk             ; 6.622 ; 6.622 ; Rise       ; clk             ;
; andar_atual.andar3 ; clk             ; 6.383 ; 6.383 ; Rise       ; clk             ;
; andar_atual.andar4 ; clk             ; 6.592 ; 6.592 ; Rise       ; clk             ;
; andar_atual.andar5 ; clk             ; 6.385 ; 6.385 ; Rise       ; clk             ;
; andar_atual.andar6 ; clk             ; 6.919 ; 6.919 ; Rise       ; clk             ;
; andar_atual.andar0 ; pr_andar.andar0 ;       ; 4.144 ; Rise       ; pr_andar.andar0 ;
; y[*]               ; pr_andar.andar0 ; 6.361 ; 6.361 ; Rise       ; pr_andar.andar0 ;
;  y[0]              ; pr_andar.andar0 ; 6.361 ; 6.361 ; Rise       ; pr_andar.andar0 ;
;  y[1]              ; pr_andar.andar0 ; 6.498 ; 6.498 ; Rise       ; pr_andar.andar0 ;
; andar_atual.andar0 ; pr_andar.andar0 ; 4.144 ;       ; Fall       ; pr_andar.andar0 ;
+--------------------+-----------------+-------+-------+------------+-----------------+


+--------------------------------+
; Fast Model Setup Summary       ;
+-------+--------+---------------+
; Clock ; Slack  ; End Point TNS ;
+-------+--------+---------------+
; clk   ; -0.288 ; -1.429        ;
+-------+--------+---------------+


+--------------------------------+
; Fast Model Hold Summary        ;
+-------+--------+---------------+
; Clock ; Slack  ; End Point TNS ;
+-------+--------+---------------+
; clk   ; -1.069 ; -7.031        ;
+-------+--------+---------------+


-------------------------------
; Fast Model Recovery Summary ;
-------------------------------
No paths to report.


------------------------------
; Fast Model Removal Summary ;
------------------------------
No paths to report.


+------------------------------------------+
; Fast Model Minimum Pulse Width Summary   ;
+-----------------+--------+---------------+
; Clock           ; Slack  ; End Point TNS ;
+-----------------+--------+---------------+
; clk             ; -1.380 ; -8.380        ;
; pr_andar.andar0 ; 0.500  ; 0.000         ;
+-----------------+--------+---------------+


+---------------------------------------------------------------------------------------------------------------------+
; Fast Model Setup: 'clk'                                                                                             ;
+--------+-----------------+-----------------+-----------------+-------------+--------------+------------+------------+
; Slack  ; From Node       ; To Node         ; Launch Clock    ; Latch Clock ; Relationship ; Clock Skew ; Data Delay ;
+--------+-----------------+-----------------+-----------------+-------------+--------------+------------+------------+
; -0.288 ; pr_andar.andar1 ; pr_andar.andar0 ; clk             ; clk         ; 1.000        ; 0.001      ; 1.321      ;
; -0.242 ; pr_andar.andar1 ; pr_andar.andar5 ; clk             ; clk         ; 1.000        ; 0.001      ; 1.275      ;
; -0.233 ; pr_andar.andar4 ; pr_andar.andar6 ; clk             ; clk         ; 1.000        ; -0.001     ; 1.264      ;
; -0.233 ; pr_andar.andar2 ; pr_andar.andar5 ; clk             ; clk         ; 1.000        ; 0.001      ; 1.266      ;
; -0.227 ; pr_andar.andar1 ; pr_andar.andar4 ; clk             ; clk         ; 1.000        ; 0.001      ; 1.260      ;
; -0.223 ; pr_andar.andar4 ; pr_andar.andar2 ; clk             ; clk         ; 1.000        ; -0.001     ; 1.254      ;
; -0.215 ; pr_andar.andar3 ; pr_andar.andar0 ; clk             ; clk         ; 1.000        ; 0.000      ; 1.247      ;
; -0.189 ; pr_andar.andar5 ; pr_andar.andar6 ; clk             ; clk         ; 1.000        ; -0.001     ; 1.220      ;
; -0.178 ; pr_andar.andar6 ; pr_andar.andar4 ; clk             ; clk         ; 1.000        ; 0.001      ; 1.211      ;
; -0.176 ; pr_andar.andar4 ; pr_andar.andar5 ; clk             ; clk         ; 1.000        ; 0.000      ; 1.208      ;
; -0.174 ; pr_andar.andar2 ; pr_andar.andar4 ; clk             ; clk         ; 1.000        ; 0.001      ; 1.207      ;
; -0.172 ; pr_andar.andar5 ; pr_andar.andar4 ; clk             ; clk         ; 1.000        ; 0.000      ; 1.204      ;
; -0.170 ; pr_andar.andar5 ; pr_andar.andar0 ; clk             ; clk         ; 1.000        ; 0.000      ; 1.202      ;
; -0.155 ; pr_andar.andar5 ; pr_andar.andar2 ; clk             ; clk         ; 1.000        ; -0.001     ; 1.186      ;
; -0.151 ; pr_andar.andar6 ; pr_andar.andar0 ; clk             ; clk         ; 1.000        ; 0.001      ; 1.184      ;
; -0.146 ; pr_andar.andar6 ; pr_andar.andar5 ; clk             ; clk         ; 1.000        ; 0.001      ; 1.179      ;
; -0.143 ; pr_andar.andar4 ; pr_andar.andar1 ; clk             ; clk         ; 1.000        ; -0.001     ; 1.174      ;
; -0.141 ; pr_andar.andar6 ; pr_andar.andar2 ; clk             ; clk         ; 1.000        ; 0.000      ; 1.173      ;
; -0.138 ; pr_andar.andar3 ; pr_andar.andar5 ; clk             ; clk         ; 1.000        ; 0.000      ; 1.170      ;
; -0.137 ; pr_andar.andar1 ; pr_andar.andar6 ; clk             ; clk         ; 1.000        ; 0.000      ; 1.169      ;
; -0.134 ; pr_andar.andar3 ; pr_andar.andar2 ; clk             ; clk         ; 1.000        ; -0.001     ; 1.165      ;
; -0.128 ; pr_andar.andar2 ; pr_andar.andar0 ; clk             ; clk         ; 1.000        ; 0.001      ; 1.161      ;
; -0.107 ; pr_andar.andar6 ; pr_andar.andar6 ; clk             ; clk         ; 1.000        ; 0.000      ; 1.139      ;
; -0.098 ; pr_andar.andar3 ; pr_andar.andar4 ; clk             ; clk         ; 1.000        ; 0.000      ; 1.130      ;
; -0.093 ; pr_andar.andar5 ; pr_andar.andar5 ; clk             ; clk         ; 1.000        ; 0.000      ; 1.125      ;
; -0.090 ; pr_andar.andar5 ; pr_andar.andar1 ; clk             ; clk         ; 1.000        ; -0.001     ; 1.121      ;
; -0.073 ; pr_andar.andar6 ; pr_andar.andar3 ; clk             ; clk         ; 1.000        ; 0.001      ; 1.106      ;
; -0.071 ; pr_andar.andar1 ; pr_andar.andar3 ; clk             ; clk         ; 1.000        ; 0.001      ; 1.104      ;
; -0.054 ; pr_andar.andar2 ; pr_andar.andar6 ; clk             ; clk         ; 1.000        ; 0.000      ; 1.086      ;
; -0.050 ; pr_andar.andar6 ; pr_andar.andar1 ; clk             ; clk         ; 1.000        ; 0.000      ; 1.082      ;
; -0.046 ; pr_andar.andar4 ; pr_andar.andar3 ; clk             ; clk         ; 1.000        ; 0.000      ; 1.078      ;
; -0.044 ; pr_andar.andar2 ; pr_andar.andar3 ; clk             ; clk         ; 1.000        ; 0.001      ; 1.077      ;
; -0.042 ; pr_andar.andar5 ; pr_andar.andar3 ; clk             ; clk         ; 1.000        ; 0.000      ; 1.074      ;
; -0.040 ; pr_andar.andar3 ; pr_andar.andar1 ; clk             ; clk         ; 1.000        ; -0.001     ; 1.071      ;
; -0.024 ; pr_andar.andar1 ; pr_andar.andar2 ; clk             ; clk         ; 1.000        ; 0.000      ; 1.056      ;
; -0.014 ; pr_andar.andar3 ; pr_andar.andar6 ; clk             ; clk         ; 1.000        ; -0.001     ; 1.045      ;
; -0.007 ; pr_andar.andar4 ; pr_andar.andar0 ; clk             ; clk         ; 1.000        ; 0.000      ; 1.039      ;
; 0.017  ; pr_andar.andar3 ; pr_andar.andar3 ; clk             ; clk         ; 1.000        ; 0.000      ; 1.015      ;
; 0.021  ; pr_andar.andar4 ; pr_andar.andar4 ; clk             ; clk         ; 1.000        ; 0.000      ; 1.011      ;
; 0.029  ; pr_andar.andar2 ; pr_andar.andar2 ; clk             ; clk         ; 1.000        ; 0.000      ; 1.003      ;
; 0.045  ; pr_andar.andar1 ; pr_andar.andar1 ; clk             ; clk         ; 1.000        ; 0.000      ; 0.987      ;
; 0.162  ; pr_andar.andar2 ; pr_andar.andar1 ; clk             ; clk         ; 1.000        ; 0.000      ; 0.870      ;
; 1.044  ; pr_andar.andar0 ; pr_andar.andar2 ; pr_andar.andar0 ; clk         ; 0.500        ; 1.660      ; 1.289      ;
; 1.184  ; pr_andar.andar0 ; pr_andar.andar1 ; pr_andar.andar0 ; clk         ; 0.500        ; 1.660      ; 1.149      ;
; 1.238  ; pr_andar.andar0 ; pr_andar.andar6 ; pr_andar.andar0 ; clk         ; 0.500        ; 1.660      ; 1.095      ;
; 1.256  ; pr_andar.andar0 ; pr_andar.andar5 ; pr_andar.andar0 ; clk         ; 0.500        ; 1.661      ; 1.078      ;
; 1.293  ; pr_andar.andar0 ; pr_andar.andar3 ; pr_andar.andar0 ; clk         ; 0.500        ; 1.661      ; 1.041      ;
; 1.348  ; pr_andar.andar0 ; pr_andar.andar4 ; pr_andar.andar0 ; clk         ; 0.500        ; 1.661      ; 0.986      ;
; 1.425  ; pr_andar.andar0 ; pr_andar.andar0 ; pr_andar.andar0 ; clk         ; 0.500        ; 1.661      ; 0.909      ;
; 1.544  ; pr_andar.andar0 ; pr_andar.andar2 ; pr_andar.andar0 ; clk         ; 1.000        ; 1.660      ; 1.289      ;
; 1.684  ; pr_andar.andar0 ; pr_andar.andar1 ; pr_andar.andar0 ; clk         ; 1.000        ; 1.660      ; 1.149      ;
; 1.738  ; pr_andar.andar0 ; pr_andar.andar6 ; pr_andar.andar0 ; clk         ; 1.000        ; 1.660      ; 1.095      ;
; 1.756  ; pr_andar.andar0 ; pr_andar.andar5 ; pr_andar.andar0 ; clk         ; 1.000        ; 1.661      ; 1.078      ;
; 1.793  ; pr_andar.andar0 ; pr_andar.andar3 ; pr_andar.andar0 ; clk         ; 1.000        ; 1.661      ; 1.041      ;
; 1.848  ; pr_andar.andar0 ; pr_andar.andar4 ; pr_andar.andar0 ; clk         ; 1.000        ; 1.661      ; 0.986      ;
; 1.925  ; pr_andar.andar0 ; pr_andar.andar0 ; pr_andar.andar0 ; clk         ; 1.000        ; 1.661      ; 0.909      ;
+--------+-----------------+-----------------+-----------------+-------------+--------------+------------+------------+


+---------------------------------------------------------------------------------------------------------------------+
; Fast Model Hold: 'clk'                                                                                              ;
+--------+-----------------+-----------------+-----------------+-------------+--------------+------------+------------+
; Slack  ; From Node       ; To Node         ; Launch Clock    ; Latch Clock ; Relationship ; Clock Skew ; Data Delay ;
+--------+-----------------+-----------------+-----------------+-------------+--------------+------------+------------+
; -1.069 ; pr_andar.andar0 ; pr_andar.andar2 ; pr_andar.andar0 ; clk         ; 0.000        ; 1.660      ; 0.884      ;
; -1.045 ; pr_andar.andar0 ; pr_andar.andar0 ; pr_andar.andar0 ; clk         ; 0.000        ; 1.661      ; 0.909      ;
; -1.005 ; pr_andar.andar0 ; pr_andar.andar5 ; pr_andar.andar0 ; clk         ; 0.000        ; 1.661      ; 0.949      ;
; -0.997 ; pr_andar.andar0 ; pr_andar.andar4 ; pr_andar.andar0 ; clk         ; 0.000        ; 1.661      ; 0.957      ;
; -0.982 ; pr_andar.andar0 ; pr_andar.andar3 ; pr_andar.andar0 ; clk         ; 0.000        ; 1.661      ; 0.972      ;
; -0.981 ; pr_andar.andar0 ; pr_andar.andar6 ; pr_andar.andar0 ; clk         ; 0.000        ; 1.660      ; 0.972      ;
; -0.952 ; pr_andar.andar0 ; pr_andar.andar1 ; pr_andar.andar0 ; clk         ; 0.000        ; 1.660      ; 1.001      ;
; -0.569 ; pr_andar.andar0 ; pr_andar.andar2 ; pr_andar.andar0 ; clk         ; -0.500       ; 1.660      ; 0.884      ;
; -0.545 ; pr_andar.andar0 ; pr_andar.andar0 ; pr_andar.andar0 ; clk         ; -0.500       ; 1.661      ; 0.909      ;
; -0.505 ; pr_andar.andar0 ; pr_andar.andar5 ; pr_andar.andar0 ; clk         ; -0.500       ; 1.661      ; 0.949      ;
; -0.497 ; pr_andar.andar0 ; pr_andar.andar4 ; pr_andar.andar0 ; clk         ; -0.500       ; 1.661      ; 0.957      ;
; -0.482 ; pr_andar.andar0 ; pr_andar.andar3 ; pr_andar.andar0 ; clk         ; -0.500       ; 1.661      ; 0.972      ;
; -0.481 ; pr_andar.andar0 ; pr_andar.andar6 ; pr_andar.andar0 ; clk         ; -0.500       ; 1.660      ; 0.972      ;
; -0.452 ; pr_andar.andar0 ; pr_andar.andar1 ; pr_andar.andar0 ; clk         ; -0.500       ; 1.660      ; 1.001      ;
; 0.674  ; pr_andar.andar2 ; pr_andar.andar0 ; clk             ; clk         ; 0.000        ; 0.001      ; 0.827      ;
; 0.710  ; pr_andar.andar2 ; pr_andar.andar1 ; clk             ; clk         ; 0.000        ; 0.000      ; 0.862      ;
; 0.727  ; pr_andar.andar2 ; pr_andar.andar6 ; clk             ; clk         ; 0.000        ; 0.000      ; 0.879      ;
; 0.727  ; pr_andar.andar1 ; pr_andar.andar0 ; clk             ; clk         ; 0.000        ; 0.001      ; 0.880      ;
; 0.766  ; pr_andar.andar4 ; pr_andar.andar5 ; clk             ; clk         ; 0.000        ; 0.000      ; 0.918      ;
; 0.780  ; pr_andar.andar1 ; pr_andar.andar6 ; clk             ; clk         ; 0.000        ; 0.000      ; 0.932      ;
; 0.789  ; pr_andar.andar4 ; pr_andar.andar3 ; clk             ; clk         ; 0.000        ; 0.000      ; 0.941      ;
; 0.814  ; pr_andar.andar1 ; pr_andar.andar2 ; clk             ; clk         ; 0.000        ; 0.000      ; 0.966      ;
; 0.829  ; pr_andar.andar5 ; pr_andar.andar1 ; clk             ; clk         ; 0.000        ; -0.001     ; 0.980      ;
; 0.832  ; pr_andar.andar5 ; pr_andar.andar6 ; clk             ; clk         ; 0.000        ; -0.001     ; 0.983      ;
; 0.835  ; pr_andar.andar1 ; pr_andar.andar1 ; clk             ; clk         ; 0.000        ; 0.000      ; 0.987      ;
; 0.836  ; pr_andar.andar4 ; pr_andar.andar0 ; clk             ; clk         ; 0.000        ; 0.000      ; 0.988      ;
; 0.851  ; pr_andar.andar2 ; pr_andar.andar2 ; clk             ; clk         ; 0.000        ; 0.000      ; 1.003      ;
; 0.859  ; pr_andar.andar4 ; pr_andar.andar4 ; clk             ; clk         ; 0.000        ; 0.000      ; 1.011      ;
; 0.859  ; pr_andar.andar3 ; pr_andar.andar0 ; clk             ; clk         ; 0.000        ; 0.000      ; 1.011      ;
; 0.862  ; pr_andar.andar6 ; pr_andar.andar1 ; clk             ; clk         ; 0.000        ; 0.000      ; 1.014      ;
; 0.863  ; pr_andar.andar3 ; pr_andar.andar3 ; clk             ; clk         ; 0.000        ; 0.000      ; 1.015      ;
; 0.868  ; pr_andar.andar3 ; pr_andar.andar4 ; clk             ; clk         ; 0.000        ; 0.000      ; 1.020      ;
; 0.873  ; pr_andar.andar4 ; pr_andar.andar2 ; clk             ; clk         ; 0.000        ; -0.001     ; 1.024      ;
; 0.874  ; pr_andar.andar3 ; pr_andar.andar1 ; clk             ; clk         ; 0.000        ; -0.001     ; 1.025      ;
; 0.877  ; pr_andar.andar3 ; pr_andar.andar6 ; clk             ; clk         ; 0.000        ; -0.001     ; 1.028      ;
; 0.890  ; pr_andar.andar5 ; pr_andar.andar3 ; clk             ; clk         ; 0.000        ; 0.000      ; 1.042      ;
; 0.895  ; pr_andar.andar2 ; pr_andar.andar3 ; clk             ; clk         ; 0.000        ; 0.001      ; 1.048      ;
; 0.896  ; pr_andar.andar6 ; pr_andar.andar3 ; clk             ; clk         ; 0.000        ; 0.001      ; 1.049      ;
; 0.915  ; pr_andar.andar1 ; pr_andar.andar4 ; clk             ; clk         ; 0.000        ; 0.001      ; 1.068      ;
; 0.920  ; pr_andar.andar2 ; pr_andar.andar5 ; clk             ; clk         ; 0.000        ; 0.001      ; 1.073      ;
; 0.927  ; pr_andar.andar4 ; pr_andar.andar6 ; clk             ; clk         ; 0.000        ; -0.001     ; 1.078      ;
; 0.933  ; pr_andar.andar5 ; pr_andar.andar4 ; clk             ; clk         ; 0.000        ; 0.000      ; 1.085      ;
; 0.937  ; pr_andar.andar3 ; pr_andar.andar2 ; clk             ; clk         ; 0.000        ; -0.001     ; 1.088      ;
; 0.948  ; pr_andar.andar1 ; pr_andar.andar3 ; clk             ; clk         ; 0.000        ; 0.001      ; 1.101      ;
; 0.958  ; pr_andar.andar5 ; pr_andar.andar0 ; clk             ; clk         ; 0.000        ; 0.000      ; 1.110      ;
; 0.963  ; pr_andar.andar4 ; pr_andar.andar1 ; clk             ; clk         ; 0.000        ; -0.001     ; 1.114      ;
; 0.969  ; pr_andar.andar5 ; pr_andar.andar2 ; clk             ; clk         ; 0.000        ; -0.001     ; 1.120      ;
; 0.973  ; pr_andar.andar5 ; pr_andar.andar5 ; clk             ; clk         ; 0.000        ; 0.000      ; 1.125      ;
; 0.973  ; pr_andar.andar1 ; pr_andar.andar5 ; clk             ; clk         ; 0.000        ; 0.001      ; 1.126      ;
; 0.987  ; pr_andar.andar6 ; pr_andar.andar6 ; clk             ; clk         ; 0.000        ; 0.000      ; 1.139      ;
; 1.000  ; pr_andar.andar6 ; pr_andar.andar2 ; clk             ; clk         ; 0.000        ; 0.000      ; 1.152      ;
; 1.003  ; pr_andar.andar2 ; pr_andar.andar4 ; clk             ; clk         ; 0.000        ; 0.001      ; 1.156      ;
; 1.009  ; pr_andar.andar6 ; pr_andar.andar5 ; clk             ; clk         ; 0.000        ; 0.001      ; 1.162      ;
; 1.014  ; pr_andar.andar3 ; pr_andar.andar5 ; clk             ; clk         ; 0.000        ; 0.000      ; 1.166      ;
; 1.020  ; pr_andar.andar6 ; pr_andar.andar4 ; clk             ; clk         ; 0.000        ; 0.001      ; 1.173      ;
; 1.027  ; pr_andar.andar6 ; pr_andar.andar0 ; clk             ; clk         ; 0.000        ; 0.001      ; 1.180      ;
+--------+-----------------+-----------------+-----------------+-------------+--------------+------------+------------+


+-------------------------------------------------------------------------------------------------------+
; Fast Model Minimum Pulse Width: 'clk'                                                                 ;
+--------+--------------+----------------+------------------+-------+------------+----------------------+
; Slack  ; Actual Width ; Required Width ; Type             ; Clock ; Clock Edge ; Target               ;
+--------+--------------+----------------+------------------+-------+------------+----------------------+
; -1.380 ; 1.000        ; 2.380          ; Port Rate        ; clk   ; Rise       ; clk                  ;
; -0.500 ; 0.500        ; 1.000          ; High Pulse Width ; clk   ; Rise       ; pr_andar.andar0      ;
; -0.500 ; 0.500        ; 1.000          ; Low Pulse Width  ; clk   ; Rise       ; pr_andar.andar0      ;
; -0.500 ; 0.500        ; 1.000          ; High Pulse Width ; clk   ; Rise       ; pr_andar.andar1      ;
; -0.500 ; 0.500        ; 1.000          ; Low Pulse Width  ; clk   ; Rise       ; pr_andar.andar1      ;
; -0.500 ; 0.500        ; 1.000          ; High Pulse Width ; clk   ; Rise       ; pr_andar.andar2      ;
; -0.500 ; 0.500        ; 1.000          ; Low Pulse Width  ; clk   ; Rise       ; pr_andar.andar2      ;
; -0.500 ; 0.500        ; 1.000          ; High Pulse Width ; clk   ; Rise       ; pr_andar.andar3      ;
; -0.500 ; 0.500        ; 1.000          ; Low Pulse Width  ; clk   ; Rise       ; pr_andar.andar3      ;
; -0.500 ; 0.500        ; 1.000          ; High Pulse Width ; clk   ; Rise       ; pr_andar.andar4      ;
; -0.500 ; 0.500        ; 1.000          ; Low Pulse Width  ; clk   ; Rise       ; pr_andar.andar4      ;
; -0.500 ; 0.500        ; 1.000          ; High Pulse Width ; clk   ; Rise       ; pr_andar.andar5      ;
; -0.500 ; 0.500        ; 1.000          ; Low Pulse Width  ; clk   ; Rise       ; pr_andar.andar5      ;
; -0.500 ; 0.500        ; 1.000          ; High Pulse Width ; clk   ; Rise       ; pr_andar.andar6      ;
; -0.500 ; 0.500        ; 1.000          ; Low Pulse Width  ; clk   ; Rise       ; pr_andar.andar6      ;
; 0.500  ; 0.500        ; 0.000          ; High Pulse Width ; clk   ; Rise       ; clk|combout          ;
; 0.500  ; 0.500        ; 0.000          ; Low Pulse Width  ; clk   ; Rise       ; clk|combout          ;
; 0.500  ; 0.500        ; 0.000          ; High Pulse Width ; clk   ; Rise       ; clk~clkctrl|inclk[0] ;
; 0.500  ; 0.500        ; 0.000          ; Low Pulse Width  ; clk   ; Rise       ; clk~clkctrl|inclk[0] ;
; 0.500  ; 0.500        ; 0.000          ; High Pulse Width ; clk   ; Rise       ; clk~clkctrl|outclk   ;
; 0.500  ; 0.500        ; 0.000          ; Low Pulse Width  ; clk   ; Rise       ; clk~clkctrl|outclk   ;
; 0.500  ; 0.500        ; 0.000          ; High Pulse Width ; clk   ; Rise       ; pr_andar.andar0|clk  ;
; 0.500  ; 0.500        ; 0.000          ; Low Pulse Width  ; clk   ; Rise       ; pr_andar.andar0|clk  ;
; 0.500  ; 0.500        ; 0.000          ; High Pulse Width ; clk   ; Rise       ; pr_andar.andar1|clk  ;
; 0.500  ; 0.500        ; 0.000          ; Low Pulse Width  ; clk   ; Rise       ; pr_andar.andar1|clk  ;
; 0.500  ; 0.500        ; 0.000          ; High Pulse Width ; clk   ; Rise       ; pr_andar.andar2|clk  ;
; 0.500  ; 0.500        ; 0.000          ; Low Pulse Width  ; clk   ; Rise       ; pr_andar.andar2|clk  ;
; 0.500  ; 0.500        ; 0.000          ; High Pulse Width ; clk   ; Rise       ; pr_andar.andar3|clk  ;
; 0.500  ; 0.500        ; 0.000          ; Low Pulse Width  ; clk   ; Rise       ; pr_andar.andar3|clk  ;
; 0.500  ; 0.500        ; 0.000          ; High Pulse Width ; clk   ; Rise       ; pr_andar.andar4|clk  ;
; 0.500  ; 0.500        ; 0.000          ; Low Pulse Width  ; clk   ; Rise       ; pr_andar.andar4|clk  ;
; 0.500  ; 0.500        ; 0.000          ; High Pulse Width ; clk   ; Rise       ; pr_andar.andar5|clk  ;
; 0.500  ; 0.500        ; 0.000          ; Low Pulse Width  ; clk   ; Rise       ; pr_andar.andar5|clk  ;
; 0.500  ; 0.500        ; 0.000          ; High Pulse Width ; clk   ; Rise       ; pr_andar.andar6|clk  ;
; 0.500  ; 0.500        ; 0.000          ; Low Pulse Width  ; clk   ; Rise       ; pr_andar.andar6|clk  ;
+--------+--------------+----------------+------------------+-------+------------+----------------------+


+----------------------------------------------------------------------------------------------------------------------------+
; Fast Model Minimum Pulse Width: 'pr_andar.andar0'                                                                          ;
+-------+--------------+----------------+------------------+-----------------+------------+----------------------------------+
; Slack ; Actual Width ; Required Width ; Type             ; Clock           ; Clock Edge ; Target                           ;
+-------+--------------+----------------+------------------+-----------------+------------+----------------------------------+
; 0.500 ; 0.500        ; 0.000          ; High Pulse Width ; pr_andar.andar0 ; Rise       ; pr_andar.andar0|regout           ;
; 0.500 ; 0.500        ; 0.000          ; Low Pulse Width  ; pr_andar.andar0 ; Rise       ; pr_andar.andar0|regout           ;
; 0.500 ; 0.500        ; 0.000          ; High Pulse Width ; pr_andar.andar0 ; Rise       ; pr_andar.andar0~clkctrl|inclk[0] ;
; 0.500 ; 0.500        ; 0.000          ; Low Pulse Width  ; pr_andar.andar0 ; Rise       ; pr_andar.andar0~clkctrl|inclk[0] ;
; 0.500 ; 0.500        ; 0.000          ; High Pulse Width ; pr_andar.andar0 ; Rise       ; pr_andar.andar0~clkctrl|outclk   ;
; 0.500 ; 0.500        ; 0.000          ; Low Pulse Width  ; pr_andar.andar0 ; Rise       ; pr_andar.andar0~clkctrl|outclk   ;
; 0.500 ; 0.500        ; 0.000          ; High Pulse Width ; pr_andar.andar0 ; Rise       ; y[0]$latch                       ;
; 0.500 ; 0.500        ; 0.000          ; Low Pulse Width  ; pr_andar.andar0 ; Rise       ; y[0]$latch                       ;
; 0.500 ; 0.500        ; 0.000          ; High Pulse Width ; pr_andar.andar0 ; Rise       ; y[0]$latch|datad                 ;
; 0.500 ; 0.500        ; 0.000          ; Low Pulse Width  ; pr_andar.andar0 ; Rise       ; y[0]$latch|datad                 ;
; 0.500 ; 0.500        ; 0.000          ; High Pulse Width ; pr_andar.andar0 ; Rise       ; y[1]$latch                       ;
; 0.500 ; 0.500        ; 0.000          ; Low Pulse Width  ; pr_andar.andar0 ; Rise       ; y[1]$latch                       ;
; 0.500 ; 0.500        ; 0.000          ; High Pulse Width ; pr_andar.andar0 ; Rise       ; y[1]$latch|datac                 ;
; 0.500 ; 0.500        ; 0.000          ; Low Pulse Width  ; pr_andar.andar0 ; Rise       ; y[1]$latch|datac                 ;
+-------+--------------+----------------+------------------+-----------------+------------+----------------------------------+


+---------------------------------------------------------------------------------+
; Setup Times                                                                     ;
+----------------+-----------------+-------+-------+------------+-----------------+
; Data Port      ; Clock Port      ; Rise  ; Fall  ; Clock Edge ; Clock Reference ;
+----------------+-----------------+-------+-------+------------+-----------------+
; call.andar0    ; clk             ; 2.948 ; 2.948 ; Rise       ; clk             ;
; call.andar1    ; clk             ; 2.787 ; 2.787 ; Rise       ; clk             ;
; call.andar2    ; clk             ; 2.600 ; 2.600 ; Rise       ; clk             ;
; call.andar3    ; clk             ; 2.532 ; 2.532 ; Rise       ; clk             ;
; call.andar4    ; clk             ; 2.718 ; 2.718 ; Rise       ; clk             ;
; call.andar5    ; clk             ; 2.834 ; 2.834 ; Rise       ; clk             ;
; call.andar6    ; clk             ; 2.515 ; 2.515 ; Rise       ; clk             ;
; n_andar.andar0 ; clk             ; 1.071 ; 1.071 ; Rise       ; clk             ;
; n_andar.andar1 ; clk             ; 2.713 ; 2.713 ; Rise       ; clk             ;
; n_andar.andar2 ; clk             ; 2.853 ; 2.853 ; Rise       ; clk             ;
; n_andar.andar3 ; clk             ; 2.565 ; 2.565 ; Rise       ; clk             ;
; n_andar.andar4 ; clk             ; 2.655 ; 2.655 ; Rise       ; clk             ;
; n_andar.andar5 ; clk             ; 0.507 ; 0.507 ; Rise       ; clk             ;
; n_andar.andar6 ; clk             ; 2.660 ; 2.660 ; Rise       ; clk             ;
; call.andar0    ; pr_andar.andar0 ; 2.228 ; 2.228 ; Rise       ; pr_andar.andar0 ;
; n_andar.andar0 ; pr_andar.andar0 ; 0.351 ; 0.351 ; Rise       ; pr_andar.andar0 ;
+----------------+-----------------+-------+-------+------------+-----------------+


+-----------------------------------------------------------------------------------+
; Hold Times                                                                        ;
+----------------+-----------------+--------+--------+------------+-----------------+
; Data Port      ; Clock Port      ; Rise   ; Fall   ; Clock Edge ; Clock Reference ;
+----------------+-----------------+--------+--------+------------+-----------------+
; call.andar0    ; clk             ; -2.076 ; -2.076 ; Rise       ; clk             ;
; call.andar1    ; clk             ; -2.072 ; -2.072 ; Rise       ; clk             ;
; call.andar2    ; clk             ; -1.790 ; -1.790 ; Rise       ; clk             ;
; call.andar3    ; clk             ; -2.133 ; -2.133 ; Rise       ; clk             ;
; call.andar4    ; clk             ; -1.984 ; -1.984 ; Rise       ; clk             ;
; call.andar5    ; clk             ; -2.230 ; -2.230 ; Rise       ; clk             ;
; call.andar6    ; clk             ; -2.029 ; -2.029 ; Rise       ; clk             ;
; n_andar.andar0 ; clk             ; 0.249  ; 0.249  ; Rise       ; clk             ;
; n_andar.andar1 ; clk             ; -1.750 ; -1.750 ; Rise       ; clk             ;
; n_andar.andar2 ; clk             ; -1.932 ; -1.932 ; Rise       ; clk             ;
; n_andar.andar3 ; clk             ; -1.847 ; -1.847 ; Rise       ; clk             ;
; n_andar.andar4 ; clk             ; -1.744 ; -1.744 ; Rise       ; clk             ;
; n_andar.andar5 ; clk             ; 0.346  ; 0.346  ; Rise       ; clk             ;
; n_andar.andar6 ; clk             ; -1.925 ; -1.925 ; Rise       ; clk             ;
; call.andar0    ; pr_andar.andar0 ; -1.885 ; -1.885 ; Rise       ; pr_andar.andar0 ;
; n_andar.andar0 ; pr_andar.andar0 ; 0.262  ; 0.262  ; Rise       ; pr_andar.andar0 ;
+----------------+-----------------+--------+--------+------------+-----------------+


+-------------------------------------------------------------------------------------+
; Clock to Output Times                                                               ;
+--------------------+-----------------+-------+-------+------------+-----------------+
; Data Port          ; Clock Port      ; Rise  ; Fall  ; Clock Edge ; Clock Reference ;
+--------------------+-----------------+-------+-------+------------+-----------------+
; andar_atual.andar1 ; clk             ; 3.664 ; 3.664 ; Rise       ; clk             ;
; andar_atual.andar2 ; clk             ; 3.766 ; 3.766 ; Rise       ; clk             ;
; andar_atual.andar3 ; clk             ; 3.650 ; 3.650 ; Rise       ; clk             ;
; andar_atual.andar4 ; clk             ; 3.739 ; 3.739 ; Rise       ; clk             ;
; andar_atual.andar5 ; clk             ; 3.652 ; 3.652 ; Rise       ; clk             ;
; andar_atual.andar6 ; clk             ; 3.907 ; 3.907 ; Rise       ; clk             ;
; andar_atual.andar0 ; pr_andar.andar0 ;       ; 2.194 ; Rise       ; pr_andar.andar0 ;
; y[*]               ; pr_andar.andar0 ; 3.523 ; 3.523 ; Rise       ; pr_andar.andar0 ;
;  y[0]              ; pr_andar.andar0 ; 3.464 ; 3.464 ; Rise       ; pr_andar.andar0 ;
;  y[1]              ; pr_andar.andar0 ; 3.523 ; 3.523 ; Rise       ; pr_andar.andar0 ;
; andar_atual.andar0 ; pr_andar.andar0 ; 2.194 ;       ; Fall       ; pr_andar.andar0 ;
+--------------------+-----------------+-------+-------+------------+-----------------+


+-------------------------------------------------------------------------------------+
; Minimum Clock to Output Times                                                       ;
+--------------------+-----------------+-------+-------+------------+-----------------+
; Data Port          ; Clock Port      ; Rise  ; Fall  ; Clock Edge ; Clock Reference ;
+--------------------+-----------------+-------+-------+------------+-----------------+
; andar_atual.andar1 ; clk             ; 3.664 ; 3.664 ; Rise       ; clk             ;
; andar_atual.andar2 ; clk             ; 3.766 ; 3.766 ; Rise       ; clk             ;
; andar_atual.andar3 ; clk             ; 3.650 ; 3.650 ; Rise       ; clk             ;
; andar_atual.andar4 ; clk             ; 3.739 ; 3.739 ; Rise       ; clk             ;
; andar_atual.andar5 ; clk             ; 3.652 ; 3.652 ; Rise       ; clk             ;
; andar_atual.andar6 ; clk             ; 3.907 ; 3.907 ; Rise       ; clk             ;
; andar_atual.andar0 ; pr_andar.andar0 ;       ; 2.194 ; Rise       ; pr_andar.andar0 ;
; y[*]               ; pr_andar.andar0 ; 3.464 ; 3.464 ; Rise       ; pr_andar.andar0 ;
;  y[0]              ; pr_andar.andar0 ; 3.464 ; 3.464 ; Rise       ; pr_andar.andar0 ;
;  y[1]              ; pr_andar.andar0 ; 3.523 ; 3.523 ; Rise       ; pr_andar.andar0 ;
; andar_atual.andar0 ; pr_andar.andar0 ; 2.194 ;       ; Fall       ; pr_andar.andar0 ;
+--------------------+-----------------+-------+-------+------------+-----------------+


+--------------------------------------------------------------------------------+
; Multicorner Timing Analysis Summary                                            ;
+------------------+---------+--------+----------+---------+---------------------+
; Clock            ; Setup   ; Hold   ; Recovery ; Removal ; Minimum Pulse Width ;
+------------------+---------+--------+----------+---------+---------------------+
; Worst-case Slack ; -1.880  ; -1.307 ; N/A      ; N/A     ; -1.380              ;
;  clk             ; -1.880  ; -1.307 ; N/A      ; N/A     ; -1.380              ;
;  pr_andar.andar0 ; N/A     ; N/A    ; N/A      ; N/A     ; 0.500               ;
; Design-wide TNS  ; -11.914 ; -7.844 ; 0.0      ; 0.0     ; -8.38               ;
;  clk             ; -11.914 ; -7.844 ; N/A      ; N/A     ; -8.380              ;
;  pr_andar.andar0 ; N/A     ; N/A    ; N/A      ; N/A     ; 0.000               ;
+------------------+---------+--------+----------+---------+---------------------+


+---------------------------------------------------------------------------------+
; Setup Times                                                                     ;
+----------------+-----------------+-------+-------+------------+-----------------+
; Data Port      ; Clock Port      ; Rise  ; Fall  ; Clock Edge ; Clock Reference ;
+----------------+-----------------+-------+-------+------------+-----------------+
; call.andar0    ; clk             ; 6.007 ; 6.007 ; Rise       ; clk             ;
; call.andar1    ; clk             ; 5.623 ; 5.623 ; Rise       ; clk             ;
; call.andar2    ; clk             ; 5.176 ; 5.176 ; Rise       ; clk             ;
; call.andar3    ; clk             ; 4.981 ; 4.981 ; Rise       ; clk             ;
; call.andar4    ; clk             ; 5.506 ; 5.506 ; Rise       ; clk             ;
; call.andar5    ; clk             ; 5.599 ; 5.599 ; Rise       ; clk             ;
; call.andar6    ; clk             ; 5.064 ; 5.064 ; Rise       ; clk             ;
; n_andar.andar0 ; clk             ; 3.115 ; 3.115 ; Rise       ; clk             ;
; n_andar.andar1 ; clk             ; 5.488 ; 5.488 ; Rise       ; clk             ;
; n_andar.andar2 ; clk             ; 5.793 ; 5.793 ; Rise       ; clk             ;
; n_andar.andar3 ; clk             ; 5.114 ; 5.114 ; Rise       ; clk             ;
; n_andar.andar4 ; clk             ; 5.354 ; 5.354 ; Rise       ; clk             ;
; n_andar.andar5 ; clk             ; 1.906 ; 1.906 ; Rise       ; clk             ;
; n_andar.andar6 ; clk             ; 5.304 ; 5.304 ; Rise       ; clk             ;
; call.andar0    ; pr_andar.andar0 ; 4.138 ; 4.138 ; Rise       ; pr_andar.andar0 ;
; n_andar.andar0 ; pr_andar.andar0 ; 1.246 ; 1.246 ; Rise       ; pr_andar.andar0 ;
+----------------+-----------------+-------+-------+------------+-----------------+


+-----------------------------------------------------------------------------------+
; Hold Times                                                                        ;
+----------------+-----------------+--------+--------+------------+-----------------+
; Data Port      ; Clock Port      ; Rise   ; Fall   ; Clock Edge ; Clock Reference ;
+----------------+-----------------+--------+--------+------------+-----------------+
; call.andar0    ; clk             ; -2.076 ; -2.076 ; Rise       ; clk             ;
; call.andar1    ; clk             ; -2.072 ; -2.072 ; Rise       ; clk             ;
; call.andar2    ; clk             ; -1.790 ; -1.790 ; Rise       ; clk             ;
; call.andar3    ; clk             ; -2.133 ; -2.133 ; Rise       ; clk             ;
; call.andar4    ; clk             ; -1.984 ; -1.984 ; Rise       ; clk             ;
; call.andar5    ; clk             ; -2.230 ; -2.230 ; Rise       ; clk             ;
; call.andar6    ; clk             ; -2.029 ; -2.029 ; Rise       ; clk             ;
; n_andar.andar0 ; clk             ; 0.249  ; 0.249  ; Rise       ; clk             ;
; n_andar.andar1 ; clk             ; -1.750 ; -1.750 ; Rise       ; clk             ;
; n_andar.andar2 ; clk             ; -1.932 ; -1.932 ; Rise       ; clk             ;
; n_andar.andar3 ; clk             ; -1.847 ; -1.847 ; Rise       ; clk             ;
; n_andar.andar4 ; clk             ; -1.744 ; -1.744 ; Rise       ; clk             ;
; n_andar.andar5 ; clk             ; 0.346  ; 0.346  ; Rise       ; clk             ;
; n_andar.andar6 ; clk             ; -1.925 ; -1.925 ; Rise       ; clk             ;
; call.andar0    ; pr_andar.andar0 ; -1.885 ; -1.885 ; Rise       ; pr_andar.andar0 ;
; n_andar.andar0 ; pr_andar.andar0 ; 0.262  ; 0.262  ; Rise       ; pr_andar.andar0 ;
+----------------+-----------------+--------+--------+------------+-----------------+


+-------------------------------------------------------------------------------------+
; Clock to Output Times                                                               ;
+--------------------+-----------------+-------+-------+------------+-----------------+
; Data Port          ; Clock Port      ; Rise  ; Fall  ; Clock Edge ; Clock Reference ;
+--------------------+-----------------+-------+-------+------------+-----------------+
; andar_atual.andar1 ; clk             ; 6.390 ; 6.390 ; Rise       ; clk             ;
; andar_atual.andar2 ; clk             ; 6.622 ; 6.622 ; Rise       ; clk             ;
; andar_atual.andar3 ; clk             ; 6.383 ; 6.383 ; Rise       ; clk             ;
; andar_atual.andar4 ; clk             ; 6.592 ; 6.592 ; Rise       ; clk             ;
; andar_atual.andar5 ; clk             ; 6.385 ; 6.385 ; Rise       ; clk             ;
; andar_atual.andar6 ; clk             ; 6.919 ; 6.919 ; Rise       ; clk             ;
; andar_atual.andar0 ; pr_andar.andar0 ;       ; 4.144 ; Rise       ; pr_andar.andar0 ;
; y[*]               ; pr_andar.andar0 ; 6.498 ; 6.498 ; Rise       ; pr_andar.andar0 ;
;  y[0]              ; pr_andar.andar0 ; 6.361 ; 6.361 ; Rise       ; pr_andar.andar0 ;
;  y[1]              ; pr_andar.andar0 ; 6.498 ; 6.498 ; Rise       ; pr_andar.andar0 ;
; andar_atual.andar0 ; pr_andar.andar0 ; 4.144 ;       ; Fall       ; pr_andar.andar0 ;
+--------------------+-----------------+-------+-------+------------+-----------------+


+-------------------------------------------------------------------------------------+
; Minimum Clock to Output Times                                                       ;
+--------------------+-----------------+-------+-------+------------+-----------------+
; Data Port          ; Clock Port      ; Rise  ; Fall  ; Clock Edge ; Clock Reference ;
+--------------------+-----------------+-------+-------+------------+-----------------+
; andar_atual.andar1 ; clk             ; 3.664 ; 3.664 ; Rise       ; clk             ;
; andar_atual.andar2 ; clk             ; 3.766 ; 3.766 ; Rise       ; clk             ;
; andar_atual.andar3 ; clk             ; 3.650 ; 3.650 ; Rise       ; clk             ;
; andar_atual.andar4 ; clk             ; 3.739 ; 3.739 ; Rise       ; clk             ;
; andar_atual.andar5 ; clk             ; 3.652 ; 3.652 ; Rise       ; clk             ;
; andar_atual.andar6 ; clk             ; 3.907 ; 3.907 ; Rise       ; clk             ;
; andar_atual.andar0 ; pr_andar.andar0 ;       ; 2.194 ; Rise       ; pr_andar.andar0 ;
; y[*]               ; pr_andar.andar0 ; 3.464 ; 3.464 ; Rise       ; pr_andar.andar0 ;
;  y[0]              ; pr_andar.andar0 ; 3.464 ; 3.464 ; Rise       ; pr_andar.andar0 ;
;  y[1]              ; pr_andar.andar0 ; 3.523 ; 3.523 ; Rise       ; pr_andar.andar0 ;
; andar_atual.andar0 ; pr_andar.andar0 ; 2.194 ;       ; Fall       ; pr_andar.andar0 ;
+--------------------+-----------------+-------+-------+------------+-----------------+


+------------------------------------------------------------------------+
; Setup Transfers                                                        ;
+-----------------+----------+----------+----------+----------+----------+
; From Clock      ; To Clock ; RR Paths ; FR Paths ; RF Paths ; FF Paths ;
+-----------------+----------+----------+----------+----------+----------+
; clk             ; clk      ; 78       ; 0        ; 0        ; 0        ;
; pr_andar.andar0 ; clk      ; 13       ; 13       ; 0        ; 0        ;
+-----------------+----------+----------+----------+----------+----------+
Entries labeled "false path" only account for clock-to-clock false paths and not path-based false paths. As a result, actual path counts may be lower than reported.


+------------------------------------------------------------------------+
; Hold Transfers                                                         ;
+-----------------+----------+----------+----------+----------+----------+
; From Clock      ; To Clock ; RR Paths ; FR Paths ; RF Paths ; FF Paths ;
+-----------------+----------+----------+----------+----------+----------+
; clk             ; clk      ; 78       ; 0        ; 0        ; 0        ;
; pr_andar.andar0 ; clk      ; 13       ; 13       ; 0        ; 0        ;
+-----------------+----------+----------+----------+----------+----------+
Entries labeled "false path" only account for clock-to-clock false paths and not path-based false paths. As a result, actual path counts may be lower than reported.


---------------
; Report TCCS ;
---------------
No dedicated SERDES Transmitter circuitry present in device or used in design


---------------
; Report RSKM ;
---------------
No dedicated SERDES Receiver circuitry present in device or used in design


+------------------------------------------------+
; Unconstrained Paths                            ;
+---------------------------------+-------+------+
; Property                        ; Setup ; Hold ;
+---------------------------------+-------+------+
; Illegal Clocks                  ; 0     ; 0    ;
; Unconstrained Clocks            ; 0     ; 0    ;
; Unconstrained Input Ports       ; 15    ; 15   ;
; Unconstrained Input Port Paths  ; 108   ; 108  ;
; Unconstrained Output Ports      ; 9     ; 9    ;
; Unconstrained Output Port Paths ; 9     ; 9    ;
+---------------------------------+-------+------+


+------------------------------------+
; TimeQuest Timing Analyzer Messages ;
+------------------------------------+
Info: *******************************************************************
Info: Running Quartus II TimeQuest Timing Analyzer
    Info: Version 11.0 Build 208 07/03/2011 Service Pack 1 SJ Web Edition
    Info: Processing started: Mon Sep 09 17:42:59 2013
Info: Command: quartus_sta elevador -c elevador
Info: qsta_default_script.tcl version: #1
Warning: Parallel compilation is not licensed and has been disabled
Info: Low junction temperature is 0 degrees C
Info: High junction temperature is 85 degrees C
Warning: Timing Analysis is analyzing one or more combinational loops as latches
    Warning: Node "y[0]$latch|combout" is a latch
    Warning: Node "y[1]$latch|combout" is a latch
Critical Warning: Synopsys Design Constraints File file not found: 'elevador.sdc'. A Synopsys Design Constraints File is required by the TimeQuest Timing Analyzer to get proper timing constraints. Without it, the Compiler will not properly optimize the design.
Info: No user constrained base clocks found in the design. Calling "derive_clocks -period 1.0"
Info: Deriving Clocks
    Info: create_clock -period 1.000 -name clk clk
    Info: create_clock -period 1.000 -name pr_andar.andar0 pr_andar.andar0
Info: Analyzing Slow Model
Critical Warning: Timing requirements not met
Info: Worst-case setup slack is -1.880
    Info:     Slack End Point TNS Clock 
    Info: ========= ============= =====================
    Info:    -1.880       -11.914 clk 
Info: Worst-case hold slack is -1.307
    Info:     Slack End Point TNS Clock 
    Info: ========= ============= =====================
    Info:    -1.307        -7.844 clk 
Info: No Recovery paths to report
Info: No Removal paths to report
Info: Worst-case minimum pulse width slack is -1.380
    Info:     Slack End Point TNS Clock 
    Info: ========= ============= =====================
    Info:    -1.380        -8.380 clk 
    Info:     0.500         0.000 pr_andar.andar0 
Info: The selected device family is not supported by the report_metastability command.
Info: Analyzing Fast Model
Info: Started post-fitting delay annotation
Warning: Found 39 output pins without output pin load capacitance assignment
    Info: Pin "andar_atual.andar0" has no specified output pin load capacitance -- assuming default load capacitance of 0 pF for timing analysis
    Info: Pin "andar_atual.andar1" has no specified output pin load capacitance -- assuming default load capacitance of 0 pF for timing analysis
    Info: Pin "andar_atual.andar2" has no specified output pin load capacitance -- assuming default load capacitance of 0 pF for timing analysis
    Info: Pin "andar_atual.andar3" has no specified output pin load capacitance -- assuming default load capacitance of 0 pF for timing analysis
    Info: Pin "andar_atual.andar4" has no specified output pin load capacitance -- assuming default load capacitance of 0 pF for timing analysis
    Info: Pin "andar_atual.andar5" has no specified output pin load capacitance -- assuming default load capacitance of 0 pF for timing analysis
    Info: Pin "andar_atual.andar6" has no specified output pin load capacitance -- assuming default load capacitance of 0 pF for timing analysis
    Info: Pin "y[0]" has no specified output pin load capacitance -- assuming default load capacitance of 0 pF for timing analysis
    Info: Pin "y[1]" has no specified output pin load capacitance -- assuming default load capacitance of 0 pF for timing analysis
    Info: Pin "y[2]" has no specified output pin load capacitance -- assuming default load capacitance of 0 pF for timing analysis
    Info: Pin "y[3]" has no specified output pin load capacitance -- assuming default load capacitance of 0 pF for timing analysis
    Info: Pin "y[4]" has no specified output pin load capacitance -- assuming default load capacitance of 0 pF for timing analysis
    Info: Pin "y[5]" has no specified output pin load capacitance -- assuming default load capacitance of 0 pF for timing analysis
    Info: Pin "y[6]" has no specified output pin load capacitance -- assuming default load capacitance of 0 pF for timing analysis
    Info: Pin "y[7]" has no specified output pin load capacitance -- assuming default load capacitance of 0 pF for timing analysis
    Info: Pin "y[8]" has no specified output pin load capacitance -- assuming default load capacitance of 0 pF for timing analysis
    Info: Pin "y[9]" has no specified output pin load capacitance -- assuming default load capacitance of 0 pF for timing analysis
    Info: Pin "y[10]" has no specified output pin load capacitance -- assuming default load capacitance of 0 pF for timing analysis
    Info: Pin "y[11]" has no specified output pin load capacitance -- assuming default load capacitance of 0 pF for timing analysis
    Info: Pin "y[12]" has no specified output pin load capacitance -- assuming default load capacitance of 0 pF for timing analysis
    Info: Pin "y[13]" has no specified output pin load capacitance -- assuming default load capacitance of 0 pF for timing analysis
    Info: Pin "y[14]" has no specified output pin load capacitance -- assuming default load capacitance of 0 pF for timing analysis
    Info: Pin "y[15]" has no specified output pin load capacitance -- assuming default load capacitance of 0 pF for timing analysis
    Info: Pin "y[16]" has no specified output pin load capacitance -- assuming default load capacitance of 0 pF for timing analysis
    Info: Pin "y[17]" has no specified output pin load capacitance -- assuming default load capacitance of 0 pF for timing analysis
    Info: Pin "y[18]" has no specified output pin load capacitance -- assuming default load capacitance of 0 pF for timing analysis
    Info: Pin "y[19]" has no specified output pin load capacitance -- assuming default load capacitance of 0 pF for timing analysis
    Info: Pin "y[20]" has no specified output pin load capacitance -- assuming default load capacitance of 0 pF for timing analysis
    Info: Pin "y[21]" has no specified output pin load capacitance -- assuming default load capacitance of 0 pF for timing analysis
    Info: Pin "y[22]" has no specified output pin load capacitance -- assuming default load capacitance of 0 pF for timing analysis
    Info: Pin "y[23]" has no specified output pin load capacitance -- assuming default load capacitance of 0 pF for timing analysis
    Info: Pin "y[24]" has no specified output pin load capacitance -- assuming default load capacitance of 0 pF for timing analysis
    Info: Pin "y[25]" has no specified output pin load capacitance -- assuming default load capacitance of 0 pF for timing analysis
    Info: Pin "y[26]" has no specified output pin load capacitance -- assuming default load capacitance of 0 pF for timing analysis
    Info: Pin "y[27]" has no specified output pin load capacitance -- assuming default load capacitance of 0 pF for timing analysis
    Info: Pin "y[28]" has no specified output pin load capacitance -- assuming default load capacitance of 0 pF for timing analysis
    Info: Pin "y[29]" has no specified output pin load capacitance -- assuming default load capacitance of 0 pF for timing analysis
    Info: Pin "y[30]" has no specified output pin load capacitance -- assuming default load capacitance of 0 pF for timing analysis
    Info: Pin "y[31]" has no specified output pin load capacitance -- assuming default load capacitance of 0 pF for timing analysis
Info: Delay annotation completed successfully
Critical Warning: Timing requirements not met
Info: Worst-case setup slack is -0.288
    Info:     Slack End Point TNS Clock 
    Info: ========= ============= =====================
    Info:    -0.288        -1.429 clk 
Info: Worst-case hold slack is -1.069
    Info:     Slack End Point TNS Clock 
    Info: ========= ============= =====================
    Info:    -1.069        -7.031 clk 
Info: No Recovery paths to report
Info: No Removal paths to report
Info: Worst-case minimum pulse width slack is -1.380
    Info:     Slack End Point TNS Clock 
    Info: ========= ============= =====================
    Info:    -1.380        -8.380 clk 
    Info:     0.500         0.000 pr_andar.andar0 
Info: The selected device family is not supported by the report_metastability command.
Info: Design is not fully constrained for setup requirements
Info: Design is not fully constrained for hold requirements
Info: Quartus II TimeQuest Timing Analyzer was successful. 0 errors, 8 warnings
    Info: Peak virtual memory: 252 megabytes
    Info: Processing ended: Mon Sep 09 17:43:06 2013
    Info: Elapsed time: 00:00:07
    Info: Total CPU time (on all processors): 00:00:01


